{
  message: 'Connected to MongoDB',
  level: 'info',
  api: 'NODE SERVER',
  label: 'Uygulama V1',
  timestamp: '2024-02-28T06:48:47.545Z'
}
{
  message: 'IP Adresi : ::1 \n' +
    '    | PATH : /allCountry \n' +
    '    | BODY : {"name":"Dortmund"} \n' +
    '    | PARAMS : {} \n' +
    '    | QUERY : {}\n' +
    '    | MIDDLEWARE ACCESS TIME : 28.02.2024 9:49:40\n' +
    '    | URL : /allCountry',
  level: 'info',
  api: 'NODE SERVER',
  label: 'Uygulama V1',
  timestamp: '2024-02-28T06:49:40.619Z'
}
{
  message: 'IP Adresi : ::1 \n' +
    '    | PATH : /api/v1/common/allCountry \n' +
    '    | BODY : {"name":"Dortmund"} \n' +
    '    | PARAMS : {} \n' +
    '    | QUERY : {}\n' +
    '    | MIDDLEWARE ACCESS TIME : 28.02.2024 9:50:27\n' +
    '    | URL : /api/v1/common/allCountry',
  level: 'info',
  api: 'NODE SERVER',
  label: 'Uygulama V1',
  timestamp: '2024-02-28T06:50:27.434Z'
}
{
  message: 'Connected to MongoDB',
  level: 'info',
  api: 'NODE SERVER',
  label: 'Uygulama V1',
  timestamp: '2024-02-28T07:00:02.503Z'
}
{
  message: 'IP Adresi : ::1 \n' +
    '    | PATH : /api/v1/cityById/396 \n' +
    '    | BODY : {"name":"Dortmund"} \n' +
    '    | PARAMS : {} \n' +
    '    | QUERY : {}\n' +
    '    | MIDDLEWARE ACCESS TIME : 28.02.2024 10:00:19\n' +
    '    | URL : /api/v1/cityById/396',
  level: 'info',
  api: 'NODE SERVER',
  label: 'Uygulama V1',
  timestamp: '2024-02-28T07:00:19.873Z'
}
{
  message: 'IP Adresi : ::1 \n' +
    '    | PATH : /api/v1/cityById/223 \n' +
    '    | BODY : {"name":"Dortmund"} \n' +
    '    | PARAMS : {} \n' +
    '    | QUERY : {}\n' +
    '    | MIDDLEWARE ACCESS TIME : 28.02.2024 10:00:35\n' +
    '    | URL : /api/v1/cityById/223',
  level: 'info',
  api: 'NODE SERVER',
  label: 'Uygulama V1',
  timestamp: '2024-02-28T07:00:35.999Z'
}
{
  message: 'Connected to MongoDB',
  level: 'info',
  api: 'NODE SERVER',
  label: 'Uygulama V1',
  timestamp: '2024-02-28T07:01:53.270Z'
}
{
  message: 'IP Adresi : ::1 \n' +
    '    | PATH : /api/v1/cityById/223 \n' +
    '    | BODY : {"name":"Dortmund"} \n' +
    '    | PARAMS : {} \n' +
    '    | QUERY : {}\n' +
    '    | MIDDLEWARE ACCESS TIME : 28.02.2024 10:01:54\n' +
    '    | URL : /api/v1/cityById/223',
  level: 'info',
  api: 'NODE SERVER',
  label: 'Uygulama V1',
  timestamp: '2024-02-28T07:01:54.997Z'
}
{
  message: 'IP Adresi : ::1 \n' +
    '    | PATH : /api/v1/cityById/223 \n' +
    '    | BODY : {"name":"Dortmund"} \n' +
    '    | PARAMS : {} \n' +
    '    | QUERY : {}\n' +
    '    | MIDDLEWARE ACCESS TIME : 28.02.2024 10:02:03\n' +
    '    | URL : /api/v1/cityById/223',
  level: 'info',
  api: 'NODE SERVER',
  label: 'Uygulama V1',
  timestamp: '2024-02-28T07:02:03.223Z'
}
{
  message: 'Connected to MongoDB',
  level: 'info',
  api: 'NODE SERVER',
  label: 'Uygulama V1',
  timestamp: '2024-02-28T07:02:24.361Z'
}
{
  message: 'IP Adresi : ::1 \n' +
    '    | PATH : /api/v1/cityById/223 \n' +
    '    | BODY : {"name":"Dortmund"} \n' +
    '    | PARAMS : {} \n' +
    '    | QUERY : {}\n' +
    '    | MIDDLEWARE ACCESS TIME : 28.02.2024 10:02:25\n' +
    '    | URL : /api/v1/cityById/223',
  level: 'info',
  api: 'NODE SERVER',
  label: 'Uygulama V1',
  timestamp: '2024-02-28T07:02:25.863Z'
}
{
  message: 'Connected to MongoDB',
  level: 'info',
  api: 'NODE SERVER',
  label: 'Uygulama V1',
  timestamp: '2024-02-28T07:04:24.983Z'
}
{
  message: 'IP Adresi : ::1 \n' +
    '    | PATH : /api/v1/cityById/223 \n' +
    '    | BODY : {"name":"Dortmund"} \n' +
    '    | PARAMS : {} \n' +
    '    | QUERY : {}\n' +
    '    | MIDDLEWARE ACCESS TIME : 28.02.2024 10:04:26\n' +
    '    | URL : /api/v1/cityById/223',
  level: 'info',
  api: 'NODE SERVER',
  label: 'Uygulama V1',
  timestamp: '2024-02-28T07:04:26.518Z'
}
{
  message: 'Connected to MongoDB',
  level: 'info',
  api: 'NODE SERVER',
  label: 'Uygulama V1',
  timestamp: '2024-02-28T07:06:07.106Z'
}
{
  message: 'IP Adresi : ::1 \n' +
    '    | PATH : /api/v1/cityById/223 \n' +
    '    | BODY : {"name":"Dortmund"} \n' +
    '    | PARAMS : {} \n' +
    '    | QUERY : {}\n' +
    '    | MIDDLEWARE ACCESS TIME : 28.02.2024 10:06:09\n' +
    '    | URL : /api/v1/cityById/223',
  level: 'info',
  api: 'NODE SERVER',
  label: 'Uygulama V1',
  timestamp: '2024-02-28T07:06:09.287Z'
}
{
  message: 'Connected to MongoDB',
  level: 'info',
  api: 'NODE SERVER',
  label: 'Uygulama V1',
  timestamp: '2024-02-28T07:06:36.115Z'
}
{
  message: 'IP Adresi : ::1 \n' +
    '    | PATH : /api/v1/cityById/223 \n' +
    '    | BODY : {"name":"Dortmund"} \n' +
    '    | PARAMS : {} \n' +
    '    | QUERY : {}\n' +
    '    | MIDDLEWARE ACCESS TIME : 28.02.2024 10:06:37\n' +
    '    | URL : /api/v1/cityById/223',
  level: 'info',
  api: 'NODE SERVER',
  label: 'Uygulama V1',
  timestamp: '2024-02-28T07:06:37.325Z'
}
{
  message: 'Connected to MongoDB',
  level: 'info',
  api: 'NODE SERVER',
  label: 'Uygulama V1',
  timestamp: '2024-02-28T07:07:05.334Z'
}
{
  message: 'IP Adresi : ::1 \n' +
    '    | PATH : /api/v1/cityById/223 \n' +
    '    | BODY : {"name":"Dortmund"} \n' +
    '    | PARAMS : {} \n' +
    '    | QUERY : {}\n' +
    '    | MIDDLEWARE ACCESS TIME : 28.02.2024 10:07:07\n' +
    '    | URL : /api/v1/cityById/223',
  level: 'info',
  api: 'NODE SERVER',
  label: 'Uygulama V1',
  timestamp: '2024-02-28T07:07:07.330Z'
}
{
  message: 'Connected to MongoDB',
  level: 'info',
  api: 'NODE SERVER',
  label: 'Uygulama V1',
  timestamp: '2024-02-28T07:07:30.282Z'
}
{
  message: 'IP Adresi : ::1 \n' +
    '    | PATH : /api/v1/cityById/223 \n' +
    '    | BODY : {"name":"Dortmund"} \n' +
    '    | PARAMS : {} \n' +
    '    | QUERY : {}\n' +
    '    | MIDDLEWARE ACCESS TIME : 28.02.2024 10:07:32\n' +
    '    | URL : /api/v1/cityById/223',
  level: 'info',
  api: 'NODE SERVER',
  label: 'Uygulama V1',
  timestamp: '2024-02-28T07:07:32.391Z'
}
{
  message: 'IP Adresi : ::1 \n' +
    '    | PATH : /api/v1/cityById/223 \n' +
    '    | BODY : {"name":"Dortmund"} \n' +
    '    | PARAMS : {} \n' +
    '    | QUERY : {}\n' +
    '    | MIDDLEWARE ACCESS TIME : 28.02.2024 10:07:36\n' +
    '    | URL : /api/v1/cityById/223',
  level: 'info',
  api: 'NODE SERVER',
  label: 'Uygulama V1',
  timestamp: '2024-02-28T07:07:36.463Z'
}
{
  message: 'IP Adresi : ::1 \n' +
    '    | PATH : /api/v1/common/cityById/223 \n' +
    '    | BODY : {"name":"Dortmund"} \n' +
    '    | PARAMS : {} \n' +
    '    | QUERY : {}\n' +
    '    | MIDDLEWARE ACCESS TIME : 28.02.2024 10:07:55\n' +
    '    | URL : /api/v1/common/cityById/223',
  level: 'info',
  api: 'NODE SERVER',
  label: 'Uygulama V1',
  timestamp: '2024-02-28T07:07:55.480Z'
}
{
  message: 'Connected to MongoDB',
  level: 'info',
  api: 'NODE SERVER',
  label: 'Uygulama V1',
  timestamp: '2024-02-28T07:08:04.819Z'
}
{
  message: 'IP Adresi : ::1 \n' +
    '    | PATH : /api/v1/common/cityById/223 \n' +
    '    | BODY : {"name":"Dortmund"} \n' +
    '    | PARAMS : {} \n' +
    '    | QUERY : {}\n' +
    '    | MIDDLEWARE ACCESS TIME : 28.02.2024 10:08:07\n' +
    '    | URL : /api/v1/common/cityById/223',
  level: 'info',
  api: 'NODE SERVER',
  label: 'Uygulama V1',
  timestamp: '2024-02-28T07:08:07.057Z'
}
