{
  message: 'Connected to MongoDB',
  level: 'info',
  api: 'NODE SERVER',
  label: 'Uygulama V1',
  timestamp: '2024-02-26T07:23:10.433Z'
}
{
  message: 'Connected to MongoDB',
  level: 'info',
  api: 'NODE SERVER',
  label: 'Uygulama V1',
  timestamp: '2024-02-26T07:30:38.787Z'
}
{
  message: 'Connected to MongoDB',
  level: 'info',
  api: 'NODE SERVER',
  label: 'Uygulama V1',
  timestamp: '2024-02-26T07:32:55.853Z'
}
{
  message: 'Connected to MongoDB',
  level: 'info',
  api: 'NODE SERVER',
  label: 'Uygulama V1',
  timestamp: '2024-02-26T07:33:03.702Z'
}
{
  message: 'Connected to MongoDB',
  level: 'info',
  api: 'NODE SERVER',
  label: 'Uygulama V1',
  timestamp: '2024-02-26T07:38:32.328Z'
}
{
  message: 'Connected to MongoDB',
  level: 'info',
  api: 'NODE SERVER',
  label: 'Uygulama V1',
  timestamp: '2024-02-26T07:40:59.831Z'
}
